Using pre-set license
Built from '2020.2/release' branch; Version is '2020.2.2f1 (068178b99f32) revision 426360'; Using compiler version '192528614'; Build Type 'Release'
OS: 'Windows 10 Pro; OS build 19041.867; Version 2004; 64bit' Language: 'en' Physical Memory: 16316 MB
BatchMode: 1, IsHumanControllingUs: 0, StartBugReporterOnCrash: 0, Is64bit: 1, IsPro: 0

 COMMAND LINE ARGUMENTS:
C:\Program Files\Unity\Hub\Editor\2020.2.2f1\Editor\Unity.exe
-adb2
-batchMode
-noUpm
-name
AssetImportWorker0
-projectPath
C:/Users/UserTCQ/Documents/GitHub/LevelPlayer
-logFile
Logs/AssetImportWorker0.log
-srvPort
56336
Successfully changed project path to: C:/Users/UserTCQ/Documents/GitHub/LevelPlayer
C:/Users/UserTCQ/Documents/GitHub/LevelPlayer
Using Asset Import Pipeline V2.
Refreshing native plugins compatible for Editor in 50.01 ms, found 1 plugins.
Preloading 0 native plugins for Editor in 0.00 ms.
Initialize engine version: 2020.2.2f1 (068178b99f32)
[Subsystems] Discovering subsystems at path C:/Program Files/Unity/Hub/Editor/2020.2.2f1/Editor/Data/Resources/UnitySubsystems
[Subsystems] Discovering subsystems at path C:/Users/UserTCQ/Documents/GitHub/LevelPlayer/Assets
GfxDevice: creating device client; threaded=0
Direct3D:
    Version:  Direct3D 11.0 [level 11.1]
    Renderer: NVIDIA GeForce RTX 2060 (ID=0x1e89)
    Vendor:   
    VRAM:     5968 MB
    Driver:   27.21.14.6172
Shader 'Universal Render Pipeline/Particles/Lit': fallback shader 'Universal Render Pipeline/Particles/SimpleLit' not found
Initialize mono
Mono path[0] = 'C:/Program Files/Unity/Hub/Editor/2020.2.2f1/Editor/Data/Managed'
Mono path[1] = 'C:/Program Files/Unity/Hub/Editor/2020.2.2f1/Editor/Data/MonoBleedingEdge/lib/mono/unityjit'
Mono config path = 'C:/Program Files/Unity/Hub/Editor/2020.2.2f1/Editor/Data/MonoBleedingEdge/etc'
Using monoOptions --debugger-agent=transport=dt_socket,embedding=1,server=y,suspend=n,address=127.0.0.1:56164
Begin MonoManager ReloadAssembly
Registering precompiled unity dll's ...
Register platform support module: C:/Program Files/Unity/Hub/Editor/2020.2.2f1/Editor/Data/PlaybackEngines/WindowsStandaloneSupport/UnityEditor.WindowsStandalone.Extensions.dll
Registered in 0.001546 seconds.
Native extension for WindowsStandalone target not found
Refreshing native plugins compatible for Editor in 49.63 ms, found 1 plugins.
Preloading 0 native plugins for Editor in 0.00 ms.
Invoked RoslynAnalysisRunner static constructor.
RoslynAnalysisRunner will not be running.
RoslynAnalysisRunner has terminated.
Mono: successfully reloaded assembly
- Completed reload, in  0.845 seconds
Platform modules already initialized, skipping
Registering precompiled user dll's ...
Registered in 0.001311 seconds.
Begin MonoManager ReloadAssembly
Native extension for WindowsStandalone target not found
Refreshing native plugins compatible for Editor in 51.17 ms, found 1 plugins.
Preloading 0 native plugins for Editor in 0.00 ms.
Invoked RoslynAnalysisRunner static constructor.
RoslynAnalysisRunner will not be running.
RoslynAnalysisRunner has terminated.
Mono: successfully reloaded assembly
- Completed reload, in  0.861 seconds
Platform modules already initialized, skipping
========================================================================
Worker process is ready to serve import requests
Shader 'Universal Render Pipeline/Particles/Lit': fallback shader 'Universal Render Pipeline/Particles/SimpleLit' not found
Launched and connected shader compiler UnityShaderCompiler.exe after 0.07 seconds
Refreshing native plugins compatible for Editor in 0.50 ms, found 1 plugins.
Preloading 0 native plugins for Editor in 0.00 ms.
Unloading 2930 Unused Serialized files (Serialized files now loaded: 0)
System memory in use before: 126.6 MB.
System memory in use after: 126.7 MB.

Unloading 25 unused Assets to reduce memory usage. Loaded Objects now: 3369.
Total: 2.232900 ms (FindLiveObjects: 0.332800 ms CreateObjectMapping: 0.086600 ms MarkObjects: 1.700600 ms  DeleteObjects: 0.111900 ms)

========================================================================
Received Import Request.
  path: Assets/Square.prefab
  artifactKey: Guid(2e43b6174375df14d8db1df742832686) Importer(815301076,1909f56bfc062723c751e8b465ee728b)
Start importing Assets/Square.prefab using Guid(2e43b6174375df14d8db1df742832686) Importer(815301076,1909f56bfc062723c751e8b465ee728b) Serialization depth limit 10 exceeded at 'Entity.Children'. There may be an object composition cycle in one or more of your serialized classes.

Serialization hierarchy:
11: Entity.Children
10: Entity.Children
9: Entity.Children
8: Entity.Children
7: Entity.Children
6: Entity.Children
5: Entity.Children
4: Entity.Children
3: Entity.Children
2: Entity.Children
1: Entity.Children
0: EntityData.Entity

Serialization depth limit 10 exceeded at 'Entity.Children'. There may be an object composition cycle in one or more of your serialized classes.

Serialization hierarchy:
11: Entity.Children
10: Entity.Children
9: Entity.Children
8: Entity.Children
7: Entity.Children
6: Entity.Children
5: Entity.Children
4: Entity.Children
3: Entity.Children
2: Entity.Children
1: Entity.Children
0: Entity.Children

 -> (artifact id: '9457419c408efa10afade370a822bc2e') in 0.202389 seconds
  Import took 0.207059 seconds .

========================================================================
Received Import Request.
  Time since last request: 0.000158 seconds.
  path: Assets/Scripts/LevelProcessor.cs
  artifactKey: Guid(e179ee73f2ed25044a8580e6c1e52391) Importer(815301076,1909f56bfc062723c751e8b465ee728b)
Start importing Assets/Scripts/LevelProcessor.cs using Guid(e179ee73f2ed25044a8580e6c1e52391) Importer(815301076,1909f56bfc062723c751e8b465ee728b)  -> (artifact id: '871a8b21dd5ac755d4a557abcda531c0') in 0.013909 seconds
  Import took 0.018023 seconds .

========================================================================
Received Import Request.
  Time since last request: 3.475893 seconds.
  path: Assets/Scripts/EntityData.cs
  artifactKey: Guid(92f237e2f5e756b4086d6c890c015eae) Importer(815301076,1909f56bfc062723c751e8b465ee728b)
Start importing Assets/Scripts/EntityData.cs using Guid(92f237e2f5e756b4086d6c890c015eae) Importer(815301076,1909f56bfc062723c751e8b465ee728b)  -> (artifact id: 'b289617c082a98b5210ff058c0d2b32e') in 0.006517 seconds
  Import took 0.010808 seconds .

========================================================================
Received Import Request.
  Time since last request: 0.000790 seconds.
  path: Assets/Scripts/EntityData.cs
  artifactKey: Guid(92f237e2f5e756b4086d6c890c015eae) Importer(815301076,1909f56bfc062723c751e8b465ee728b)
Start importing Assets/Scripts/EntityData.cs using Guid(92f237e2f5e756b4086d6c890c015eae) Importer(815301076,1909f56bfc062723c751e8b465ee728b)  -> (artifact id: 'b289617c082a98b5210ff058c0d2b32e') in 0.002419 seconds
  Import took 0.006454 seconds .

========================================================================
Received Import Request.
  Time since last request: 19.942430 seconds.
  path: Assets/Scripts/EntityData.cs
  artifactKey: Guid(92f237e2f5e756b4086d6c890c015eae) Importer(815301076,1909f56bfc062723c751e8b465ee728b)
Start importing Assets/Scripts/EntityData.cs using Guid(92f237e2f5e756b4086d6c890c015eae) Importer(815301076,1909f56bfc062723c751e8b465ee728b)  -> (artifact id: '36ef6fbf2bbf21ba9cec1dee5c0d7008') in 0.006250 seconds
  Import took 0.011946 seconds .

========================================================================
Received Import Request.
  Time since last request: 10.341119 seconds.
  path: Assets/Scripts/EntityData.cs
  artifactKey: Guid(92f237e2f5e756b4086d6c890c015eae) Importer(815301076,1909f56bfc062723c751e8b465ee728b)
Start importing Assets/Scripts/EntityData.cs using Guid(92f237e2f5e756b4086d6c890c015eae) Importer(815301076,1909f56bfc062723c751e8b465ee728b)  -> (artifact id: 'f57e97cd37d60a5eadd148c187673ef5') in 0.003336 seconds
  Import took 0.007952 seconds .

========================================================================
Received Import Request.
  Time since last request: 13.773244 seconds.
  path: Assets/Scripts/EntityData.cs
  artifactKey: Guid(92f237e2f5e756b4086d6c890c015eae) Importer(815301076,1909f56bfc062723c751e8b465ee728b)
Start importing Assets/Scripts/EntityData.cs using Guid(92f237e2f5e756b4086d6c890c015eae) Importer(815301076,1909f56bfc062723c751e8b465ee728b)  -> (artifact id: '53be42e8bd2416b109e18e679489d1ba') in 0.002933 seconds
  Import took 0.007409 seconds .

========================================================================
Received Import Request.
  Time since last request: 15.180710 seconds.
  path: Assets/Scripts/EntityData.cs
  artifactKey: Guid(92f237e2f5e756b4086d6c890c015eae) Importer(815301076,1909f56bfc062723c751e8b465ee728b)
Start importing Assets/Scripts/EntityData.cs using Guid(92f237e2f5e756b4086d6c890c015eae) Importer(815301076,1909f56bfc062723c751e8b465ee728b)  -> (artifact id: 'a12666adf94e88e6e598ec45b89de235') in 0.003208 seconds
  Import took 0.008394 seconds .

========================================================================
Received Import Request.
  Time since last request: 44.352396 seconds.
  path: Assets/Scripts/EntityData.cs
  artifactKey: Guid(92f237e2f5e756b4086d6c890c015eae) Importer(815301076,1909f56bfc062723c751e8b465ee728b)
Start importing Assets/Scripts/EntityData.cs using Guid(92f237e2f5e756b4086d6c890c015eae) Importer(815301076,1909f56bfc062723c751e8b465ee728b)  -> (artifact id: '7efd78454b3917c1cbf14fecc356ca94') in 0.002899 seconds
  Import took 0.007282 seconds .

========================================================================
Received Prepare
Registering precompiled user dll's ...
Registered in 0.001521 seconds.
Begin MonoManager ReloadAssembly
Native extension for WindowsStandalone target not found
Refreshing native plugins compatible for Editor in 0.51 ms, found 1 plugins.
Preloading 0 native plugins for Editor in 0.00 ms.
Invoked RoslynAnalysisRunner static constructor.
RoslynAnalysisRunner will not be running.
RoslynAnalysisRunner has terminated.
Mono: successfully reloaded assembly
- Completed reload, in  0.825 seconds
Platform modules already initialized, skipping
Shader 'Universal Render Pipeline/Particles/Lit': fallback shader 'Universal Render Pipeline/Particles/SimpleLit' not found
Refreshing native plugins compatible for Editor in 0.51 ms, found 1 plugins.
Preloading 0 native plugins for Editor in 0.00 ms.
Unloading 2822 Unused Serialized files (Serialized files now loaded: 0)
System memory in use before: 126.1 MB.
System memory in use after: 126.2 MB.

Unloading 13 unused Assets to reduce memory usage. Loaded Objects now: 3417.
Total: 2.392800 ms (FindLiveObjects: 0.384300 ms CreateObjectMapping: 0.077500 ms MarkObjects: 1.825500 ms  DeleteObjects: 0.103300 ms)

========================================================================
Received Prepare
Registering precompiled user dll's ...
Registered in 0.001555 seconds.
Begin MonoManager ReloadAssembly
Native extension for WindowsStandalone target not found
Refreshing native plugins compatible for Editor in 0.50 ms, found 1 plugins.
Preloading 0 native plugins for Editor in 0.00 ms.
Invoked RoslynAnalysisRunner static constructor.
RoslynAnalysisRunner will not be running.
RoslynAnalysisRunner has terminated.
Mono: successfully reloaded assembly
- Completed reload, in  0.807 seconds
Platform modules already initialized, skipping
Shader 'Universal Render Pipeline/Particles/Lit': fallback shader 'Universal Render Pipeline/Particles/SimpleLit' not found
Refreshing native plugins compatible for Editor in 0.64 ms, found 1 plugins.
Preloading 0 native plugins for Editor in 0.00 ms.
Unloading 2822 Unused Serialized files (Serialized files now loaded: 0)
System memory in use before: 126.4 MB.
System memory in use after: 126.5 MB.

Unloading 13 unused Assets to reduce memory usage. Loaded Objects now: 3420.
Total: 2.409800 ms (FindLiveObjects: 0.309300 ms CreateObjectMapping: 0.083400 ms MarkObjects: 1.908100 ms  DeleteObjects: 0.108000 ms)

========================================================================
Received Import Request.
  Time since last request: 63.041528 seconds.
  path: Assets/Scripts/EntityData.cs
  artifactKey: Guid(92f237e2f5e756b4086d6c890c015eae) Importer(815301076,1909f56bfc062723c751e8b465ee728b)
Start importing Assets/Scripts/EntityData.cs using Guid(92f237e2f5e756b4086d6c890c015eae) Importer(815301076,1909f56bfc062723c751e8b465ee728b)  -> (artifact id: 'f73c0a54932710f08e8c91a9c21ba662') in 0.005664 seconds
  Import took 0.009858 seconds .

========================================================================
Received Prepare
Registering precompiled user dll's ...
Registered in 0.001461 seconds.
Begin MonoManager ReloadAssembly
Native extension for WindowsStandalone target not found
Refreshing native plugins compatible for Editor in 0.51 ms, found 1 plugins.
Preloading 0 native plugins for Editor in 0.00 ms.
Invoked RoslynAnalysisRunner static constructor.
RoslynAnalysisRunner will not be running.
RoslynAnalysisRunner has terminated.
Mono: successfully reloaded assembly
- Completed reload, in  0.799 seconds
Platform modules already initialized, skipping
Shader 'Universal Render Pipeline/Particles/Lit': fallback shader 'Universal Render Pipeline/Particles/SimpleLit' not found
Refreshing native plugins compatible for Editor in 0.52 ms, found 1 plugins.
Preloading 0 native plugins for Editor in 0.00 ms.
Unloading 2822 Unused Serialized files (Serialized files now loaded: 0)
System memory in use before: 126.7 MB.
System memory in use after: 126.8 MB.

Unloading 13 unused Assets to reduce memory usage. Loaded Objects now: 3423.
Total: 2.139200 ms (FindLiveObjects: 0.291500 ms CreateObjectMapping: 0.073200 ms MarkObjects: 1.668600 ms  DeleteObjects: 0.105000 ms)

========================================================================
Received Prepare
Registering precompiled user dll's ...
Registered in 0.001398 seconds.
Begin MonoManager ReloadAssembly
Native extension for WindowsStandalone target not found
Refreshing native plugins compatible for Editor in 0.57 ms, found 1 plugins.
Preloading 0 native plugins for Editor in 0.00 ms.
Invoked RoslynAnalysisRunner static constructor.
RoslynAnalysisRunner will not be running.
RoslynAnalysisRunner has terminated.
Mono: successfully reloaded assembly
- Completed reload, in  0.883 seconds
Platform modules already initialized, skipping
Shader 'Universal Render Pipeline/Particles/Lit': fallback shader 'Universal Render Pipeline/Particles/SimpleLit' not found
Refreshing native plugins compatible for Editor in 0.53 ms, found 1 plugins.
Preloading 0 native plugins for Editor in 0.00 ms.
Unloading 2822 Unused Serialized files (Serialized files now loaded: 0)
System memory in use before: 126.9 MB.
System memory in use after: 127.0 MB.

Unloading 13 unused Assets to reduce memory usage. Loaded Objects now: 3426.
Total: 2.958800 ms (FindLiveObjects: 0.433800 ms CreateObjectMapping: 0.164600 ms MarkObjects: 2.200100 ms  DeleteObjects: 0.159100 ms)

========================================================================
Received Prepare
Registering precompiled user dll's ...
Registered in 0.001439 seconds.
Begin MonoManager ReloadAssembly
Native extension for WindowsStandalone target not found
Refreshing native plugins compatible for Editor in 0.58 ms, found 1 plugins.
Preloading 0 native plugins for Editor in 0.00 ms.
Invoked RoslynAnalysisRunner static constructor.
RoslynAnalysisRunner will not be running.
RoslynAnalysisRunner has terminated.
Mono: successfully reloaded assembly
- Completed reload, in  0.880 seconds
Platform modules already initialized, skipping
Shader 'Universal Render Pipeline/Particles/Lit': fallback shader 'Universal Render Pipeline/Particles/SimpleLit' not found
Refreshing native plugins compatible for Editor in 0.60 ms, found 1 plugins.
Preloading 0 native plugins for Editor in 0.00 ms.
Unloading 2822 Unused Serialized files (Serialized files now loaded: 0)
System memory in use before: 127.2 MB.
System memory in use after: 127.3 MB.

Unloading 13 unused Assets to reduce memory usage. Loaded Objects now: 3429.
Total: 2.259700 ms (FindLiveObjects: 0.292200 ms CreateObjectMapping: 0.074900 ms MarkObjects: 1.786300 ms  DeleteObjects: 0.105200 ms)

========================================================================
Received Prepare
Registering precompiled user dll's ...
Registered in 0.001521 seconds.
Begin MonoManager ReloadAssembly
Native extension for WindowsStandalone target not found
Refreshing native plugins compatible for Editor in 0.52 ms, found 1 plugins.
Preloading 0 native plugins for Editor in 0.00 ms.
Invoked RoslynAnalysisRunner static constructor.
RoslynAnalysisRunner will not be running.
RoslynAnalysisRunner has terminated.
Mono: successfully reloaded assembly
- Completed reload, in  0.781 seconds
Platform modules already initialized, skipping
Shader 'Universal Render Pipeline/Particles/Lit': fallback shader 'Universal Render Pipeline/Particles/SimpleLit' not found
Refreshing native plugins compatible for Editor in 0.51 ms, found 1 plugins.
Preloading 0 native plugins for Editor in 0.00 ms.
Unloading 2822 Unused Serialized files (Serialized files now loaded: 0)
System memory in use before: 127.4 MB.
System memory in use after: 127.5 MB.

Unloading 13 unused Assets to reduce memory usage. Loaded Objects now: 3432.
Total: 2.492200 ms (FindLiveObjects: 0.305600 ms CreateObjectMapping: 0.084400 ms MarkObjects: 1.989200 ms  DeleteObjects: 0.111900 ms)

========================================================================
Received Prepare
Registering precompiled user dll's ...
Registered in 0.001375 seconds.
Begin MonoManager ReloadAssembly
Native extension for WindowsStandalone target not found
Refreshing native plugins compatible for Editor in 0.52 ms, found 1 plugins.
Preloading 0 native plugins for Editor in 0.00 ms.
Invoked RoslynAnalysisRunner static constructor.
RoslynAnalysisRunner will not be running.
RoslynAnalysisRunner has terminated.
Mono: successfully reloaded assembly
- Completed reload, in  0.791 seconds
Platform modules already initialized, skipping
Shader 'Universal Render Pipeline/Particles/Lit': fallback shader 'Universal Render Pipeline/Particles/SimpleLit' not found
Refreshing native plugins compatible for Editor in 0.58 ms, found 1 plugins.
Preloading 0 native plugins for Editor in 0.00 ms.
Unloading 2822 Unused Serialized files (Serialized files now loaded: 0)
System memory in use before: 127.6 MB.
System memory in use after: 127.7 MB.

Unloading 13 unused Assets to reduce memory usage. Loaded Objects now: 3435.
Total: 2.283900 ms (FindLiveObjects: 0.368300 ms CreateObjectMapping: 0.075000 ms MarkObjects: 1.730900 ms  DeleteObjects: 0.108700 ms)

